<?xml version="1.0" encoding="UTF-8"?>
<!-- Generated by org.testng.reporters.JUnitXMLReporter -->
<testsuite hostname="DESKTOP-A63CIAT" name="Default test" tests="9" failures="0" timestamp="17 Mar 2020 22:24:24 GMT" time="311.121" errors="0">
  <testcase name="invalidUser" time="5.077" classname="com.testing.TestFile"/>
  <testcase name="invalidPwd" time="6.472" classname="com.testing.TestFile"/>
  <testcase name="login" time="17.419" classname="com.testing.TestFile"/>
  <testcase name="countEmail" time="19.628" classname="com.testing.TestFile"/>
  <testcase name="inboxEmails" time="17.493" classname="com.testing.TestFile"/>
  <testcase name="moveToTrash" time="22.036" classname="com.testing.TestFile"/>
  <testcase name="moveBackToInbox" time="37.825" classname="com.testing.TestFile"/>
  <testcase name="markAsUnread" time="27.382" classname="com.testing.TestFile"/>
  <testcase name="markAsRead" time="27.334" classname="com.testing.TestFile"/>
</testsuite> <!-- Default test -->
