<?xml version="1.0" encoding="UTF-8"?>
<testng-results skipped="0" failed="0" total="9" passed="9">
  <reporter-output>
  </reporter-output>
  <suite name="Default suite" duration-ms="311121" started-at="2020-03-17T22:19:12Z" finished-at="2020-03-17T22:24:24Z">
    <groups>
    </groups>
    <test name="Default test" duration-ms="311121" started-at="2020-03-17T22:19:12Z" finished-at="2020-03-17T22:24:24Z">
      <class name="com.testing.TestFile">
        <test-method status="PASS" signature="beforeMethod()[pri:0, instance:com.testing.TestFile@69ea3742]" name="beforeMethod" is-config="true" duration-ms="17203" started-at="2020-03-17T18:19:12Z" finished-at="2020-03-17T18:19:30Z">
          <reporter-output>
          </reporter-output>
        </test-method> <!-- beforeMethod -->
        <test-method status="PASS" signature="invalidUser()[pri:1, instance:com.testing.TestFile@69ea3742]" name="invalidUser" duration-ms="5077" started-at="2020-03-17T18:19:30Z" finished-at="2020-03-17T18:19:35Z">
          <reporter-output>
          </reporter-output>
        </test-method> <!-- invalidUser -->
        <test-method status="PASS" signature="afterMethod(org.testng.ITestResult)[pri:0, instance:com.testing.TestFile@69ea3742]" name="afterMethod" is-config="true" duration-ms="1577" started-at="2020-03-17T18:19:35Z" finished-at="2020-03-17T18:19:36Z">
          <params>
            <param index="0">
              <value>
                <![CDATA[[TestResult name=invalidUser status=SUCCESS method=TestFile.invalidUser()[pri:1, instance:com.testing.TestFile@69ea3742] output={null}]]]>
              </value>
            </param>
          </params>
          <reporter-output>
          </reporter-output>
        </test-method> <!-- afterMethod -->
        <test-method status="PASS" signature="beforeMethod()[pri:0, instance:com.testing.TestFile@69ea3742]" name="beforeMethod" is-config="true" duration-ms="13422" started-at="2020-03-17T18:19:36Z" finished-at="2020-03-17T18:19:50Z">
          <reporter-output>
          </reporter-output>
        </test-method> <!-- beforeMethod -->
        <test-method status="PASS" signature="invalidPwd()[pri:2, instance:com.testing.TestFile@69ea3742]" name="invalidPwd" duration-ms="6472" started-at="2020-03-17T18:19:50Z" finished-at="2020-03-17T18:19:56Z">
          <reporter-output>
          </reporter-output>
        </test-method> <!-- invalidPwd -->
        <test-method status="PASS" signature="afterMethod(org.testng.ITestResult)[pri:0, instance:com.testing.TestFile@69ea3742]" name="afterMethod" is-config="true" duration-ms="1092" started-at="2020-03-17T18:19:56Z" finished-at="2020-03-17T18:19:57Z">
          <params>
            <param index="0">
              <value>
                <![CDATA[[TestResult name=invalidPwd status=SUCCESS method=TestFile.invalidPwd()[pri:2, instance:com.testing.TestFile@69ea3742] output={null}]]]>
              </value>
            </param>
          </params>
          <reporter-output>
          </reporter-output>
        </test-method> <!-- afterMethod -->
        <test-method status="PASS" signature="beforeMethod()[pri:0, instance:com.testing.TestFile@69ea3742]" name="beforeMethod" is-config="true" duration-ms="12714" started-at="2020-03-17T18:19:57Z" finished-at="2020-03-17T18:20:10Z">
          <reporter-output>
          </reporter-output>
        </test-method> <!-- beforeMethod -->
        <test-method status="PASS" signature="login()[pri:3, instance:com.testing.TestFile@69ea3742]" name="login" duration-ms="17419" started-at="2020-03-17T18:20:10Z" finished-at="2020-03-17T18:20:27Z">
          <reporter-output>
          </reporter-output>
        </test-method> <!-- login -->
        <test-method status="PASS" signature="afterMethod(org.testng.ITestResult)[pri:0, instance:com.testing.TestFile@69ea3742]" name="afterMethod" is-config="true" duration-ms="865" started-at="2020-03-17T18:20:27Z" finished-at="2020-03-17T18:20:28Z">
          <params>
            <param index="0">
              <value>
                <![CDATA[[TestResult name=login status=SUCCESS method=TestFile.login()[pri:3, instance:com.testing.TestFile@69ea3742] output={null}]]]>
              </value>
            </param>
          </params>
          <reporter-output>
          </reporter-output>
        </test-method> <!-- afterMethod -->
        <test-method status="PASS" signature="beforeMethod()[pri:0, instance:com.testing.TestFile@69ea3742]" name="beforeMethod" is-config="true" duration-ms="12873" started-at="2020-03-17T18:20:28Z" finished-at="2020-03-17T18:20:41Z">
          <reporter-output>
          </reporter-output>
        </test-method> <!-- beforeMethod -->
        <test-method status="PASS" signature="countEmail()[pri:4, instance:com.testing.TestFile@69ea3742]" name="countEmail" duration-ms="19628" started-at="2020-03-17T18:20:41Z" finished-at="2020-03-17T18:21:01Z">
          <reporter-output>
          </reporter-output>
        </test-method> <!-- countEmail -->
        <test-method status="PASS" signature="afterMethod(org.testng.ITestResult)[pri:0, instance:com.testing.TestFile@69ea3742]" name="afterMethod" is-config="true" duration-ms="909" started-at="2020-03-17T18:21:01Z" finished-at="2020-03-17T18:21:02Z">
          <params>
            <param index="0">
              <value>
                <![CDATA[[TestResult name=countEmail status=SUCCESS method=TestFile.countEmail()[pri:4, instance:com.testing.TestFile@69ea3742] output={null}]]]>
              </value>
            </param>
          </params>
          <reporter-output>
          </reporter-output>
        </test-method> <!-- afterMethod -->
        <test-method status="PASS" signature="beforeMethod()[pri:0, instance:com.testing.TestFile@69ea3742]" name="beforeMethod" is-config="true" duration-ms="12370" started-at="2020-03-17T18:21:02Z" finished-at="2020-03-17T18:21:14Z">
          <reporter-output>
          </reporter-output>
        </test-method> <!-- beforeMethod -->
        <test-method status="PASS" signature="inboxEmails()[pri:5, instance:com.testing.TestFile@69ea3742]" name="inboxEmails" duration-ms="17493" started-at="2020-03-17T18:21:14Z" finished-at="2020-03-17T18:21:32Z">
          <reporter-output>
          </reporter-output>
        </test-method> <!-- inboxEmails -->
        <test-method status="PASS" signature="afterMethod(org.testng.ITestResult)[pri:0, instance:com.testing.TestFile@69ea3742]" name="afterMethod" is-config="true" duration-ms="961" started-at="2020-03-17T18:21:32Z" finished-at="2020-03-17T18:21:33Z">
          <params>
            <param index="0">
              <value>
                <![CDATA[[TestResult name=inboxEmails status=SUCCESS method=TestFile.inboxEmails()[pri:5, instance:com.testing.TestFile@69ea3742] output={null}]]]>
              </value>
            </param>
          </params>
          <reporter-output>
          </reporter-output>
        </test-method> <!-- afterMethod -->
        <test-method status="PASS" signature="beforeMethod()[pri:0, instance:com.testing.TestFile@69ea3742]" name="beforeMethod" is-config="true" duration-ms="12885" started-at="2020-03-17T18:21:33Z" finished-at="2020-03-17T18:21:45Z">
          <reporter-output>
          </reporter-output>
        </test-method> <!-- beforeMethod -->
        <test-method status="PASS" signature="moveToTrash()[pri:6, instance:com.testing.TestFile@69ea3742]" name="moveToTrash" duration-ms="22036" started-at="2020-03-17T18:21:45Z" finished-at="2020-03-17T18:22:07Z">
          <reporter-output>
          </reporter-output>
        </test-method> <!-- moveToTrash -->
        <test-method status="PASS" signature="afterMethod(org.testng.ITestResult)[pri:0, instance:com.testing.TestFile@69ea3742]" name="afterMethod" is-config="true" duration-ms="923" started-at="2020-03-17T18:22:07Z" finished-at="2020-03-17T18:22:08Z">
          <params>
            <param index="0">
              <value>
                <![CDATA[[TestResult name=moveToTrash status=SUCCESS method=TestFile.moveToTrash()[pri:6, instance:com.testing.TestFile@69ea3742] output={null}]]]>
              </value>
            </param>
          </params>
          <reporter-output>
          </reporter-output>
        </test-method> <!-- afterMethod -->
        <test-method status="PASS" signature="beforeMethod()[pri:0, instance:com.testing.TestFile@69ea3742]" name="beforeMethod" is-config="true" duration-ms="12902" started-at="2020-03-17T18:22:08Z" finished-at="2020-03-17T18:22:21Z">
          <reporter-output>
          </reporter-output>
        </test-method> <!-- beforeMethod -->
        <test-method status="PASS" signature="moveBackToInbox()[pri:7, instance:com.testing.TestFile@69ea3742]" name="moveBackToInbox" duration-ms="37825" started-at="2020-03-17T18:22:21Z" finished-at="2020-03-17T18:22:59Z">
          <reporter-output>
          </reporter-output>
        </test-method> <!-- moveBackToInbox -->
        <test-method status="PASS" signature="afterMethod(org.testng.ITestResult)[pri:0, instance:com.testing.TestFile@69ea3742]" name="afterMethod" is-config="true" duration-ms="940" started-at="2020-03-17T18:22:59Z" finished-at="2020-03-17T18:23:00Z">
          <params>
            <param index="0">
              <value>
                <![CDATA[[TestResult name=moveBackToInbox status=SUCCESS method=TestFile.moveBackToInbox()[pri:7, instance:com.testing.TestFile@69ea3742] output={null}]]]>
              </value>
            </param>
          </params>
          <reporter-output>
          </reporter-output>
        </test-method> <!-- afterMethod -->
        <test-method status="PASS" signature="beforeMethod()[pri:0, instance:com.testing.TestFile@69ea3742]" name="beforeMethod" is-config="true" duration-ms="12835" started-at="2020-03-17T18:23:00Z" finished-at="2020-03-17T18:23:13Z">
          <reporter-output>
          </reporter-output>
        </test-method> <!-- beforeMethod -->
        <test-method status="PASS" signature="markAsUnread()[pri:8, instance:com.testing.TestFile@69ea3742]" name="markAsUnread" duration-ms="27382" started-at="2020-03-17T18:23:13Z" finished-at="2020-03-17T18:23:40Z">
          <reporter-output>
          </reporter-output>
        </test-method> <!-- markAsUnread -->
        <test-method status="PASS" signature="afterMethod(org.testng.ITestResult)[pri:0, instance:com.testing.TestFile@69ea3742]" name="afterMethod" is-config="true" duration-ms="927" started-at="2020-03-17T18:23:40Z" finished-at="2020-03-17T18:23:41Z">
          <params>
            <param index="0">
              <value>
                <![CDATA[[TestResult name=markAsUnread status=SUCCESS method=TestFile.markAsUnread()[pri:8, instance:com.testing.TestFile@69ea3742] output={null}]]]>
              </value>
            </param>
          </params>
          <reporter-output>
          </reporter-output>
        </test-method> <!-- afterMethod -->
        <test-method status="PASS" signature="beforeMethod()[pri:0, instance:com.testing.TestFile@69ea3742]" name="beforeMethod" is-config="true" duration-ms="14037" started-at="2020-03-17T18:23:41Z" finished-at="2020-03-17T18:23:55Z">
          <reporter-output>
          </reporter-output>
        </test-method> <!-- beforeMethod -->
        <test-method status="PASS" signature="markAsRead()[pri:9, instance:com.testing.TestFile@69ea3742]" name="markAsRead" duration-ms="27334" started-at="2020-03-17T18:23:55Z" finished-at="2020-03-17T18:24:23Z">
          <reporter-output>
          </reporter-output>
        </test-method> <!-- markAsRead -->
        <test-method status="PASS" signature="afterMethod(org.testng.ITestResult)[pri:0, instance:com.testing.TestFile@69ea3742]" name="afterMethod" is-config="true" duration-ms="971" started-at="2020-03-17T18:24:23Z" finished-at="2020-03-17T18:24:24Z">
          <params>
            <param index="0">
              <value>
                <![CDATA[[TestResult name=markAsRead status=SUCCESS method=TestFile.markAsRead()[pri:9, instance:com.testing.TestFile@69ea3742] output={null}]]]>
              </value>
            </param>
          </params>
          <reporter-output>
          </reporter-output>
        </test-method> <!-- afterMethod -->
      </class> <!-- com.testing.TestFile -->
    </test> <!-- Default test -->
  </suite> <!-- Default suite -->
</testng-results>
